# JRE version: Java(TM) SE Runtime Environment (8.0_11-b12) (build 1.8.0_11-b12)
# Java VM: Java HotSpot(TM) 64-Bit Server VM (25.11-b03 mixed mode windows-amd64 compressed oops)
Heap:
 PSYoungGen      total 33280K, used 30984K [0x00000000eab80000, 0x00000000ee780000, 0x0000000100000000)
  eden space 26624K, 91% used [0x00000000eab80000,0x00000000ec3489d0,0x00000000ec580000)
  from space 6656K, 99% used [0x00000000ec580000,0x00000000ecbf9948,0x00000000ecc00000)
  to   space 9216K, 0% used [0x00000000ede80000,0x00000000ede80000,0x00000000ee780000)
 ParOldGen       total 64000K, used 24521K [0x00000000c0200000, 0x00000000c4080000, 0x00000000eab80000)
  object space 64000K, 38% used [0x00000000c0200000,0x00000000c19f2500,0x00000000c4080000)
 Metaspace       used 15056K, capacity 15222K, committed 15488K, reserved 1062912K
  class space    used 2127K, capacity 2175K, committed 2176K, reserved 1048576K
GC Heap History (10 events):
Event: 2.395 GC heap before
{Heap before GC invocations=11 (full 0):
 PSYoungGen      total 14336K, used 14319K [0x00000000eab80000, 0x00000000ec180000, 0x0000000100000000)
  eden space 10752K, 100% used [0x00000000eab80000,0x00000000eb600000,0x00000000eb600000)
  from space 3584K, 99% used [0x00000000ebb00000,0x00000000ebe7bdb0,0x00000000ebe80000)
  to   space 5120K, 0% used [0x00000000eb600000,0x00000000eb600000,0x00000000ebb00000)
 ParOldGen       total 64000K, used 9096K [0x00000000c0200000, 0x00000000c4080000, 0x00000000eab80000)
  object space 64000K, 14% used [0x00000000c0200000,0x00000000c0ae2210,0x00000000c4080000)
 Metaspace       used 13018K, capacity 13188K, committed 13440K, reserved 1060864K
  class space    used 1750K, capacity 1820K, committed 1920K, reserved 1048576K
Event: 2.408 GC heap after
Heap after GC invocations=11 (full 0):
 PSYoungGen      total 15872K, used 3767K [0x00000000eab80000, 0x00000000ec780000, 0x0000000100000000)
  eden space 10752K, 0% used [0x00000000eab80000,0x00000000eab80000,0x00000000eb600000)
  from space 5120K, 73% used [0x00000000eb600000,0x00000000eb9ade60,0x00000000ebb00000)
  to   space 5632K, 0% used [0x00000000ec200000,0x00000000ec200000,0x00000000ec780000)
 ParOldGen       total 64000K, used 14490K [0x00000000c0200000, 0x00000000c4080000, 0x00000000eab80000)
  object space 64000K, 22% used [0x00000000c0200000,0x00000000c1026998,0x00000000c4080000)
 Metaspace       used 13018K, capacity 13188K, committed 13440K, reserved 1060864K
  class space    used 1750K, capacity 1820K, committed 1920K, reserved 1048576K
}
Event: 2.537 GC heap before
{Heap before GC invocations=12 (full 0):
 PSYoungGen      total 15872K, used 14519K [0x00000000eab80000, 0x00000000ec780000, 0x0000000100000000)
  eden space 10752K, 100% used [0x00000000eab80000,0x00000000eb600000,0x00000000eb600000)
  from space 5120K, 73% used [0x00000000eb600000,0x00000000eb9ade60,0x00000000ebb00000)
  to   space 5632K, 0% used [0x00000000ec200000,0x00000000ec200000,0x00000000ec780000)
 ParOldGen       total 64000K, used 14490K [0x00000000c0200000, 0x00000000c4080000, 0x00000000eab80000)
  object space 64000K, 22% used [0x00000000c0200000,0x00000000c1026998,0x00000000c4080000)
 Metaspace       used 13024K, capacity 13188K, committed 13440K, reserved 1060864K
  class space    used 1750K, capacity 1820K, committed 1920K, reserved 1048576K
Event: 2.544 GC heap after
Heap after GC invocations=12 (full 0):
 PSYoungGen      total 22528K, used 4458K [0x00000000eab80000, 0x00000000ec880000, 0x0000000100000000)
  eden space 16896K, 0% used [0x00000000eab80000,0x00000000eab80000,0x00000000ebc00000)
  from space 5632K, 79% used [0x00000000ec200000,0x00000000ec65abc0,0x00000000ec780000)
  to   space 6144K, 0% used [0x00000000ebc00000,0x00000000ebc00000,0x00000000ec200000)
 ParOldGen       total 64000K, used 15494K [0x00000000c0200000, 0x00000000c4080000, 0x00000000eab80000)
  object space 64000K, 24% used [0x00000000c0200000,0x00000000c1121a48,0x00000000c4080000)
 Metaspace       used 13024K, capacity 13188K, committed 13440K, reserved 1060864K
  class space    used 1750K, capacity 1820K, committed 1920K, reserved 1048576K
}
Event: 2.748 GC heap before
{Heap before GC invocations=13 (full 0):
 PSYoungGen      total 22528K, used 21354K [0x00000000eab80000, 0x00000000ec880000, 0x0000000100000000)
  eden space 16896K, 100% used [0x00000000eab80000,0x00000000ebc00000,0x00000000ebc00000)
  from space 5632K, 79% used [0x00000000ec200000,0x00000000ec65abc0,0x00000000ec780000)
  to   space 6144K, 0% used [0x00000000ebc00000,0x00000000ebc00000,0x00000000ec200000)
 ParOldGen       total 64000K, used 15494K [0x00000000c0200000, 0x00000000c4080000, 0x00000000eab80000)
  object space 64000K, 24% used [0x00000000c0200000,0x00000000c1121a48,0x00000000c4080000)
 Metaspace       used 13024K, capacity 13188K, committed 13440K, reserved 1060864K
  class space    used 1750K, capacity 1820K, committed 1920K, reserved 1048576K
Event: 2.754 GC heap after
Heap after GC invocations=13 (full 0):
 PSYoungGen      total 23040K, used 0K [0x00000000eab80000, 0x00000000ed200000, 0x0000000100000000)
  eden space 16896K, 0% used [0x00000000eab80000,0x00000000eab80000,0x00000000ebc00000)
  from space 6144K, 0% used [0x00000000ebc00000,0x00000000ebc00000,0x00000000ec200000)
  to   space 6144K, 0% used [0x00000000ecc00000,0x00000000ecc00000,0x00000000ed200000)
 ParOldGen       total 64000K, used 19885K [0x00000000c0200000, 0x00000000c4080000, 0x00000000eab80000)
  object space 64000K, 31% used [0x00000000c0200000,0x00000000c156b628,0x00000000c4080000)
 Metaspace       used 13024K, capacity 13188K, committed 13440K, reserved 1060864K
  class space    used 1750K, capacity 1820K, committed 1920K, reserved 1048576K
}
Event: 2.963 GC heap before
{Heap before GC invocations=14 (full 0):
 PSYoungGen      total 23040K, used 16896K [0x00000000eab80000, 0x00000000ed200000, 0x0000000100000000)
  eden space 16896K, 100% used [0x00000000eab80000,0x00000000ebc00000,0x00000000ebc00000)
  from space 6144K, 0% used [0x00000000ebc00000,0x00000000ebc00000,0x00000000ec200000)
  to   space 6144K, 0% used [0x00000000ecc00000,0x00000000ecc00000,0x00000000ed200000)
 ParOldGen       total 64000K, used 19885K [0x00000000c0200000, 0x00000000c4080000, 0x00000000eab80000)
  object space 64000K, 31% used [0x00000000c0200000,0x00000000c156b628,0x00000000c4080000)
 Metaspace       used 13145K, capacity 13316K, committed 13696K, reserved 1060864K
  class space    used 1770K, capacity 1820K, committed 1920K, reserved 1048576K
Event: 2.966 GC heap after
Heap after GC invocations=14 (full 0):
 PSYoungGen      total 32768K, used 4053K [0x00000000eab80000, 0x00000000ed300000, 0x0000000100000000)
  eden space 26624K, 0% used [0x00000000eab80000,0x00000000eab80000,0x00000000ec580000)
  from space 6144K, 65% used [0x00000000ecc00000,0x00000000ecff5778,0x00000000ed200000)
  to   space 6656K, 0% used [0x00000000ec580000,0x00000000ec580000,0x00000000ecc00000)
 ParOldGen       total 64000K, used 19893K [0x00000000c0200000, 0x00000000c4080000, 0x00000000eab80000)
  object space 64000K, 31% used [0x00000000c0200000,0x00000000c156d628,0x00000000c4080000)
 Metaspace       used 13145K, capacity 13316K, committed 13696K, reserved 1060864K
  class space    used 1770K, capacity 1820K, committed 1920K, reserved 1048576K
}
Event: 3.486 GC heap before
{Heap before GC invocations=15 (full 0):
 PSYoungGen      total 32768K, used 30677K [0x00000000eab80000, 0x00000000ed300000, 0x0000000100000000)
  eden space 26624K, 100% used [0x00000000eab80000,0x00000000ec580000,0x00000000ec580000)
  from space 6144K, 65% used [0x00000000ecc00000,0x00000000ecff5778,0x00000000ed200000)
  to   space 6656K, 0% used [0x00000000ec580000,0x00000000ec580000,0x00000000ecc00000)
 ParOldGen       total 64000K, used 19893K [0x00000000c0200000, 0x00000000c4080000, 0x00000000eab80000)
  object space 64000K, 31% used [0x00000000c0200000,0x00000000c156d628,0x00000000c4080000)
 Metaspace       used 13444K, capacity 13604K, committed 13952K, reserved 1060864K
  class space    used 1814K, capacity 1852K, committed 1920K, reserved 1048576K
Event: 3.559 GC heap after
Heap after GC invocations=15 (full 0):
 PSYoungGen      total 33280K, used 6630K [0x00000000eab80000, 0x00000000ee780000, 0x0000000100000000)
  eden space 26624K, 0% used [0x00000000eab80000,0x00000000eab80000,0x00000000ec580000)
  from space 6656K, 99% used [0x00000000ec580000,0x00000000ecbf9948,0x00000000ecc00000)
  to   space 9216K, 0% used [0x00000000ede80000,0x00000000ede80000,0x00000000ee780000)
 ParOldGen       total 64000K, used 24521K [0x00000000c0200000, 0x00000000c4080000, 0x00000000eab80000)
  object space 64000K, 38% used [0x00000000c0200000,0x00000000c19f2500,0x00000000c4080000)
 Metaspace       used 13444K, capacity 13604K, committed 13952K, reserved 1060864K
  class space    used 1814K, capacity 1852K, committed 1920K, reserved 1048576K
}

